#
# There is insufficient memory for the Java Runtime Environment to continue.
# Native memory allocation (mmap) failed to map 266338304 bytes for G1 virtual space
# Possible reasons:
#   The system is out of physical RAM or swap space
#   The process is running with CompressedOops enabled, and the Java Heap may be blocking the growth of the native heap
# Possible solutions:
#   Reduce memory load on the system
#   Increase physical memory or swap space
#   Check if swap backing store is full
#   Decrease Java heap size (-Xmx/-Xms)
#   Decrease number of Java threads
#   Decrease Java thread stack sizes (-Xss)
#   Set larger code cache with -XX:ReservedCodeCacheSize=
#   JVM is running with Zero Based Compressed Oops mode in which the Java heap is
#     placed in the first 32GB address space. The Java Heap base address is the
#     maximum limit for the native heap growth. Please use -XX:HeapBaseMinAddress
#     to set the Java Heap base and to place the Java Heap above 32GB virtual address.
# This output file may be truncated or incomplete.
#
#  Out of Memory Error (os_windows.cpp:3528), pid=22116, tid=18076
#
# JRE version:  (20.0.2+9) (build )
# Java VM: OpenJDK 64-Bit Server VM (20.0.2+9-78, mixed mode, emulated-client, sharing, tiered, compressed oops, compressed class ptrs, g1 gc, windows-amd64)
# No core dump will be written. Minidumps are not enabled by default on client versions of Windows
#

---------------  S U M M A R Y ------------

Command Line: -XX:TieredStopAtLevel=1 -Dspring.output.ansi.enabled=always -Dcom.sun.management.jmxremote -Dspring.jmx.enabled=true -Dspring.liveBeansView.mbeanDomain -Dspring.application.admin.enabled=true -Dmanagement.endpoints.jmx.exposure.include=* -javaagent:C:\Program Files\JetBrains\IntelliJ IDEA 2023.2.2\lib\idea_rt.jar=59509:C:\Program Files\JetBrains\IntelliJ IDEA 2023.2.2\bin -Dfile.encoding=UTF-8 -Dsun.stdout.encoding=UTF-8 -Dsun.stderr.encoding=UTF-8 com.example.todo_list.TodoListApplication

Host: Intel(R) Core(TM) i7-10750H CPU @ 2.60GHz, 12 cores, 15G,  Windows 11 , 64 bit Build 26100 (10.0.26100.3323)
Time: Wed Mar 26 16:26:35 2025 W. Central Africa Standard Time elapsed time: 0.016017 seconds (0d 0h 0m 0s)

---------------  T H R E A D  ---------------

Current thread (0x0000024aab735a30):  JavaThread "Unknown thread" [_thread_in_vm, id=18076, stack(0x0000005b50200000,0x0000005b50300000)]

Stack: [0x0000005b50200000,0x0000005b50300000]
Native frames: (J=compiled Java code, j=interpreted, Vv=VM code, C=native code)
V  [jvm.dll+0x6bc25a]
V  [jvm.dll+0x84971a]
V  [jvm.dll+0x84b315]
V  [jvm.dll+0x84ba13]
V  [jvm.dll+0x280e4f]
V  [jvm.dll+0x6b8fe9]
V  [jvm.dll+0x6adbca]
V  [jvm.dll+0x35b165]
V  [jvm.dll+0x363386]
V  [jvm.dll+0x3b400e]
V  [jvm.dll+0x3b4295]
V  [jvm.dll+0x32b86a]
V  [jvm.dll+0x32c68b]
V  [jvm.dll+0x8123df]
V  [jvm.dll+0x3c1261]
V  [jvm.dll+0x7fe103]
V  [jvm.dll+0x44ccaf]
V  [jvm.dll+0x44e621]
C  [jli.dll+0x5287]
C  [ucrtbase.dll+0x37b0]
C  [KERNEL32.DLL+0x2e8d7]
C  [ntdll.dll+0xbbf6c]


---------------  P R O C E S S  ---------------

Threads class SMR info:
_java_thread_list=0x00007ffa0b9cb118, length=0, elements={
}

Java Threads: ( => current thread )

Other Threads:
  0x0000024aab7a7700 WorkerThread "GC Thread#0" [stack: 0x0000005b50300000,0x0000005b50400000] [id=26500]
  0x0000024aab7b81b0 ConcurrentGCThread "G1 Main Marker" [stack: 0x0000005b50400000,0x0000005b50500000] [id=35660]
  0x0000024aab7b9960 WorkerThread "G1 Conc#0" [stack: 0x0000005b50500000,0x0000005b50600000] [id=13700]

[error occurred during error reporting (printing all threads), id 0xc0000005, EXCEPTION_ACCESS_VIOLATION (0xc0000005) at pc=0x00007ffa0b1aeea7]
VM state: not at safepoint (not fully initialized)

VM Mutex/Monitor currently owned by a thread:  ([mutex/lock_event])
[0x0000024aab734320] Heap_lock - owner thread: 0x0000024aab735a30

Heap address: 0x0000000703600000, size: 4042 MB, Compressed Oops mode: Zero based, Oop shift amount: 3

CDS archive(s) mapped at: [0x0000000000000000-0x0000000000000000-0x0000000000000000), size 0, SharedBaseAddress: 0x0000000800000000, ArchiveRelocationMode: 1.
Narrow klass base: 0x0000000000000000, Narrow klass shift: 0, Narrow klass range: 0x0

GC Precious Log:
 CardTable entry size: 512
 Card Set container configuration: InlinePtr #cards 4 size 8 Array Of Cards #cards 16 size 48 Howl #buckets 8 coarsen threshold 3686 Howl Bitmap #cards 512 size 80 coarsen threshold 460 Card regions per heap region 1 cards per card region 4096

Heap:
 garbage-first heap   total 0K, used 0K [0x0000000703600000, 0x0000000800000000)
  region size 2048K, 0 young (0K), 0 survivors (0K)

[error occurred during error reporting (printing heap information), id 0xc0000005, EXCEPTION_ACCESS_VIOLATION (0xc0000005) at pc=0x00007ffa0b5847b9]
GC Heap History (0 events):
No events

Dll operation events (1 events):
Event: 0.010 Loaded shared library C:\Users\G-STORES\.jdks\openjdk-20.0.2\bin\java.dll

Deoptimization events (0 events):
No events

Classes loaded (0 events):
No events

Classes unloaded (0 events):
No events

Classes redefined (0 events):
No events

Internal exceptions (0 events):
No events

VM Operations (0 events):
No events

Events (0 events):
No events


Dynamic libraries:
0x00007ff6164b0000 - 0x00007ff6164be000 	C:\Users\G-STORES\.jdks\openjdk-20.0.2\bin\java.exe
0x00007ffaf80c0000 - 0x00007ffaf8323000 	C:\WINDOWS\SYSTEM32\ntdll.dll
0x00007ffaf7820000 - 0x00007ffaf78e7000 	C:\WINDOWS\System32\KERNEL32.DLL
0x00007ffaf52c0000 - 0x00007ffaf5689000 	C:\WINDOWS\System32\KERNELBASE.dll
0x00007ffaf5820000 - 0x00007ffaf596c000 	C:\WINDOWS\System32\ucrtbase.dll
0x00007ffae96a0000 - 0x00007ffae96b7000 	C:\Users\G-STORES\.jdks\openjdk-20.0.2\bin\jli.dll
0x00007ffae95e0000 - 0x00007ffae95fb000 	C:\Users\G-STORES\.jdks\openjdk-20.0.2\bin\VCRUNTIME140.dll
0x00007ffaf69e0000 - 0x00007ffaf6baa000 	C:\WINDOWS\System32\USER32.dll
0x00007ffaf4530000 - 0x00007ffaf47c0000 	C:\WINDOWS\WinSxS\amd64_microsoft.windows.common-controls_6595b64144ccf1df_6.0.26100.3323_none_3e088096e3344490\COMCTL32.dll
0x00007ffaf57f0000 - 0x00007ffaf5817000 	C:\WINDOWS\System32\win32u.dll
0x00007ffaf73d0000 - 0x00007ffaf7479000 	C:\WINDOWS\System32\msvcrt.dll
0x00007ffaf78f0000 - 0x00007ffaf791a000 	C:\WINDOWS\System32\GDI32.dll
0x00007ffaf5da0000 - 0x00007ffaf5ed1000 	C:\WINDOWS\System32\gdi32full.dll
0x00007ffaf5970000 - 0x00007ffaf5a13000 	C:\WINDOWS\System32\msvcp_win.dll
0x00007ffaf7390000 - 0x00007ffaf73bf000 	C:\WINDOWS\System32\IMM32.DLL
0x00007ffae96f0000 - 0x00007ffae96fc000 	C:\Users\G-STORES\.jdks\openjdk-20.0.2\bin\vcruntime140_1.dll
0x00007ffa5a330000 - 0x00007ffa5a3be000 	C:\Users\G-STORES\.jdks\openjdk-20.0.2\bin\msvcp140.dll
0x00007ffa0ae70000 - 0x00007ffa0bb08000 	C:\Users\G-STORES\.jdks\openjdk-20.0.2\bin\server\jvm.dll
0x00007ffaf6600000 - 0x00007ffaf66b2000 	C:\WINDOWS\System32\ADVAPI32.dll
0x00007ffaf7570000 - 0x00007ffaf7616000 	C:\WINDOWS\System32\sechost.dll
0x00007ffaf7700000 - 0x00007ffaf7816000 	C:\WINDOWS\System32\RPCRT4.dll
0x00007ffad3450000 - 0x00007ffad345a000 	C:\WINDOWS\SYSTEM32\WSOCK32.dll
0x00007ffae0350000 - 0x00007ffae0386000 	C:\WINDOWS\SYSTEM32\WINMM.dll
0x00007ffae8e00000 - 0x00007ffae8e0b000 	C:\WINDOWS\SYSTEM32\VERSION.dll
0x00007ffaf7dc0000 - 0x00007ffaf7e34000 	C:\WINDOWS\System32\WS2_32.dll
0x00007ffaf3880000 - 0x00007ffaf389a000 	C:\WINDOWS\SYSTEM32\kernel.appcore.dll
0x00007ffae9650000 - 0x00007ffae965a000 	C:\Users\G-STORES\.jdks\openjdk-20.0.2\bin\jimage.dll
0x00007ffaf4b90000 - 0x00007ffaf4dd1000 	C:\WINDOWS\SYSTEM32\DBGHELP.DLL
0x00007ffaf6f00000 - 0x00007ffaf7282000 	C:\WINDOWS\System32\combase.dll
0x00007ffaf7620000 - 0x00007ffaf76f6000 	C:\WINDOWS\System32\OLEAUT32.dll
0x00007ffaf49f0000 - 0x00007ffaf4a29000 	C:\WINDOWS\SYSTEM32\dbgcore.DLL
0x00007ffaf5690000 - 0x00007ffaf5729000 	C:\WINDOWS\System32\bcryptPrimitives.dll
0x00007ffae9690000 - 0x00007ffae969e000 	C:\Users\G-STORES\.jdks\openjdk-20.0.2\bin\instrument.dll
0x00007ffadc440000 - 0x00007ffadc466000 	C:\Users\G-STORES\.jdks\openjdk-20.0.2\bin\java.dll

dbghelp: loaded successfully - version: 4.0.5 - missing functions: none
symbol engine: initialized successfully - sym options: 0x614 - pdb path: .;C:\Users\G-STORES\.jdks\openjdk-20.0.2\bin;C:\WINDOWS\SYSTEM32;C:\WINDOWS\WinSxS\amd64_microsoft.windows.common-controls_6595b64144ccf1df_6.0.26100.3323_none_3e088096e3344490;C:\Users\G-STORES\.jdks\openjdk-20.0.2\bin\server

VM Arguments:
jvm_args: -XX:TieredStopAtLevel=1 -Dspring.output.ansi.enabled=always -Dcom.sun.management.jmxremote -Dspring.jmx.enabled=true -Dspring.liveBeansView.mbeanDomain -Dspring.application.admin.enabled=true -Dmanagement.endpoints.jmx.exposure.include=* -javaagent:C:\Program Files\JetBrains\IntelliJ IDEA 2023.2.2\lib\idea_rt.jar=59509:C:\Program Files\JetBrains\IntelliJ IDEA 2023.2.2\bin -Dfile.encoding=UTF-8 -Dsun.stdout.encoding=UTF-8 -Dsun.stderr.encoding=UTF-8 
java_command: com.example.todo_list.TodoListApplication
java_class_path (initial): C:\Users\G-STORES\Desktop\PROJET\TODO LIST VUE JS\Backend_sprint_boot\todo_list\build\classes\java\main;C:\Users\G-STORES\Desktop\PROJET\TODO LIST VUE JS\Backend_sprint_boot\todo_list\build\resources\main;C:\Users\G-STORES\.gradle\caches\modules-2\files-2.1\org.projectlombok\lombok\1.18.36\5a30490a6e14977d97d9c73c924c1f1b5311ea95\lombok-1.18.36.jar;C:\Users\G-STORES\.gradle\caches\modules-2\files-2.1\org.springframework.boot\spring-boot-starter-data-jdbc\3.4.4\d640ae78444b62e35e03c378278cc75886f054f8\spring-boot-starter-data-jdbc-3.4.4.jar;C:\Users\G-STORES\.gradle\caches\modules-2\files-2.1\org.springframework.boot\spring-boot-starter-data-jpa\3.4.4\7e0ab04a0aa460295c7a2e485c7809a733469824\spring-boot-starter-data-jpa-3.4.4.jar;C:\Users\G-STORES\.gradle\caches\modules-2\files-2.1\org.springframework.boot\spring-boot-starter-web\3.4.4\441c0c71f38783c1d34b8bac5f06f1fa6b103274\spring-boot-starter-web-3.4.4.jar;C:\Users\G-STORES\.gradle\caches\modules-2\files-2.1\org.springframework.boot\spring-boot-starter-jdbc\3.4.4\c1059487b20babd2e0552d285d64d3cb655d0c4d\spring-boot-starter-jdbc-3.4.4.jar;C:\Users\G-STORES\.gradle\caches\modules-2\files-2.1\org.springframework.data\spring-data-jdbc\3.4.4\23bdac8dbe381b59b7b8b579df0b926f9505947c\spring-data-jdbc-3.4.4.jar;C:\Users\G-STORES\.gradle\caches\modules-2\files-2.1\org.springframework.boot\spring-boot-starter\3.4.4\6ad00ebe69a28a5c1c97f80f81920d65e0e4250b\spring-boot-starter-3.4.4.jar;C:\Users\G-STORES\.gradle\caches\modules-2\files-2.1\org.hibernate.orm\hibernate-core\6.6.11.Final\d5330ab0dd5f5cc810086b7fb66cec8b2d2f5213\hibernate-core-6.6.11.Final.jar;C:\Users\G-STORES\.gradle\caches\modules-2\files-2.1\org.springframework.data\spring-data-jpa\3.4.4\50f826d0dd60af289321bde6f5eea8fc48131c75\spring-data-jpa-3.4.4.jar;C:\Users\G-STORES\.gradle\caches\modules-2\files-2.1\org.springframework\spring-aspects\6.2.5\971b57bb59d4890a3db5f1e20f89effa7df8c149\spring-aspects-6.2.5.jar;C:\Users\G-STORES\.gradle\caches\modules-2\files-2.1\org.springframework.boot\spring-boot-starter-json\3.4.4\7f7ca72abcab50661b7b5d23f63b3bc2375bb2b3\spring-boot-starter-json-3.4.4.jar;C:\Users\G-STORES\.gradle\caches\modules-2\files-2.1\org.springframework.boot\spring-boot-starter-tomcat\3.4.4\4b18ac49cf13ef2c9a98418ebd8fc212a5259da9\spring-boot-starter-tomcat-3.4.4.jar;C:\Users\G-STORES\.gradle\caches\modules-2\files-2.1\org.springframework\spring-webmvc\6.2.5\db8f1171041d7091f3de80cffdfb9d6c5fbf3015\spring-webmvc-6.2.5.jar;C:\Users\G-STORES\.gradle\caches\modules-2\files-2.1\org.springframework\spring-web\6.2.5\b42d2c0acbe05bad4c849883aa8816c25b6c1d94\spring-web-6.2.5.jar;C:\Users\G-STORES\.gradle\caches\modules-2\files-2.1\com.zaxxer\HikariCP\5.1.0\8c96e36c14461fc436bb02b264b96ef3ca5dca8c\HikariCP-5.1.0.jar;C:\Users\G-STORES\.gradle\caches\modules-2\files-2.1\org.springframework\spring-jdbc\6.2.5\6eef7c5ac8266aa308522568d98669d82e8ef61f\spring-jdbc-6.2.5.jar;C:\Users\G-STORES\.gradle\caches\modules-2\files-2.1\org.springframework.data\spring-data-relational\3.4.4\912290aa03c55ce5edc7f260e131e67c730b2ddb\spring-data-relational-3.4.4.jar;C:\Users\G-STORES\.gradle\caches\modules-2\files-2.1\org.springframework.data\spring-data-commons\3.4.4\24bb91254820f1dd3087ae95667e9bb0a6942b23\spring-data-commons-3.4.4.jar;C:\Users\G-STORES\.gradle\caches\modules-2\files-2.1\org.springframework\spring-tx\6.2.5\99ecc1c976f58ad63df7205e18eac628f2f1fa9a\spring-tx-6.2.5.jar;C:\Users\G-STORES\.gradle\caches\modules-2\files-2.1\org.springframework\spring-context\6.2.5\237de0c3afca2099ab497cc7464726c02b8ab5c5\spring-context-6.2.5.jar;C:\Users\G-STORES\.gradle\caches\modules-2\files-2.1\org.springframework\spring-beans\6.2.5\6f8eb671d9905da5a73bc9ab7e703e9fed6a0c3f\spring-beans-6.2.5.jar;C:\Users\G-STORES\.gradle\caches\modules-2\files-2.1\org.springframework\spring-core\6.2.5\d6786db7122037bf605e54e3b35f262a19b8d502\spring-core-6.2.5.jar;C:\Users\G-STORES\.gradle\caches\modules-2\files-2.1\org.slf4j\slf4j-api\2.0.17\d9e58ac9c7779ba3bf8142aff6c830617a7fe60f\slf4j-api-2.0.17.jar;C:\Users\G-STORES\.gradle\caches\modules-2\files-2.1\org.springframework.boot\spring-boot-autoconfigure\3.4.4\5ebc8c0682374768ee6eac9acf12f41e76762207\spring-boot-autoconfigure-3.4.4.jar;C:\Users\G-STORES\.gradle\caches\modules-2\files-2.1\org.springframework.boot\spring-boot\3.4.4\f9dbe14c2e5e35a2cd27156802ea6b7c42ab34fd\spring-boot-3.4.4.jar;C:\Users\G-STORES\.gradle\caches\modules-2\files-2.1\org.springframework.boot\spring-boot-starter-logging\3.4.4\1a7bbfd57e0b2d0bde8ffd6aa7a0ebd94e4b0aed\spring-boot-starter-logging-3.4.4.jar;C:\Users\G-STORES\.gradle\caches\modules-2\files-2.1\jakarta.annotation\jakarta.annotation-api\2.1.1\48b9bda22b091b1f48b13af03fe36db3be6e1ae3\jakarta.annotation-api-2.1.1.jar;C:\Users\G-STORES\.gradle\caches\modules-2\files-2.1\org.yaml\snakeyaml\2.3\936b36210e27320f920536f695cf1af210c44586\snakeyaml-2.3.jar;C:\Users\G-STORES\.gradle\caches\modules-2\files-2.1\jakarta.persistence\jakarta.persistence-api\3.1.0\66901fa1c373c6aff65c13791cc11da72060a8d6\jakarta.persistence-api-3.1.0.jar;C:\Users\G-STORES\.gradle\caches\modules-2\files-2.1\jakarta.transaction\jakarta.transaction-api\2.0.1\51a520e3fae406abb84e2e1148e6746ce3f80a1a\jakarta.transaction-api-2.0.1.jar;C:\Users\G-STORES\.gradle\caches\modules-2\files-2.1\org.springframework\spring-orm\6.2.5\b2edc79b16b9cad32666dfdc8cc92896429b9c\spring-orm-6.2.5.jar;C:\Users\G-STORES\.gradle\caches\modules-2\files-2.1\org.springframework\spring-aop\6.2.5\9f436be65bf45ee8643d93e6823d6c81e8f9f91a\spring-aop-6.2.5.jar;C:\Users\G-STORES\.gradle\caches\modules-2\files-2.1\org.antlr\antlr4-runtime\4.13.0\5a02e48521624faaf5ff4d99afc88b01686af655\antlr4-runtime-4.13.0.jar;C:\Users\G-STORES\.gradle\caches\modules-2\files-2.1\org.aspectj\aspectjweaver\1.9.23\5b2fd88a62b334f51ac7d002b57dfccd68b22724\aspectjweaver-1.9.23.jar;C:\Users\G-STORES\.gradle\caches\modules-2\files-2.1\com.fasterxml.jackson.datatype\jackson-datatype-jsr310\2.18.3\cc57924cccf42fc852081c36215272f84ffcd991\jackson-datatype-jsr310-2.18.3.jar;C:\Users\G-STORES\.gradle\caches\modules-2\files-2.1\com.fasterxml.jackson.module\jackson-module-parameter-names\2.18.3\fa63ae5eb3956b1a6d7a7ead2b513af89dea22e7\jackson-module-parameter-names-2.18.3.jar;C:\Users\G-STORES\.gradle\caches\modules-2\files-2.1\com.fasterxml.jackson.datatype\jackson-datatype-jdk8\2.18.3\621558295660935134b171ce2b0d9ad6842ec2ff\jackson-datatype-jdk8-2.18.3.jar;C:\Users\G-STORES\.gradle\caches\modules-2\files-2.1\com.fasterxml.jackson.core\jackson-databind\2.18.3\537e3886263e3b3464385040453e92567fd509e2\jackson-databind-2.18.3.jar;C:\Users\G-STORES\.gradle\caches\modules-2\files-2.1\org.apache.tomcat.embed\tomcat-embed-websocket\10.1.39\abf50abbbae651f95dfcf9fae05f919bfa9b7046\tomcat-embed-websocket-10.1.39.jar;C:\Users\G-STORES\.gradle\caches\modules-2\files-2.1\org.apache.tomcat.embed\tomcat-embed-core\10.1.39\f6acead04214d5aaea82c2639392208df33b3abe\tomcat-embed-core-10.1.39.jar;C:\Users\G-STORES\.gradle\caches\modules-2\files-2.1\org.apache.tomcat.embed\tomcat-embed-el\10.1.39\88ff05c768c4654097ab0a9f2b49368a0877ad76\tomcat-embed-el-10.1.39.jar;C:\Users\G-STORES\.gradle\caches\modules-2\files-2.1\org.springframework\spring-expression\6.2.5\cb39181911dabe3b3d9992c4b4da38468726ea72\spring-expression-6.2.5.jar;C:\Users\G-STORES\.gradle\caches\modules-2\files-2.1\io.micrometer\micrometer-observation\1.14.5\b23dff6bf07a29f67fdae8f3f3f8f1c78fa7b126\micrometer-observation-1.14.5.jar;C:\Users\G-STORES\.gradle\caches\modules-2\files-2.1\org.springframework\spring-jcl\6.2.5\1b8db3715dc78bd18b60869458d5ee8829ad8e99\spring-jcl-6.2.5.jar;C:\Users\G-STORES\.gradle\caches\modules-2\files-2.1\ch.qos.logback\logback-classic\1.5.18\fc371f3fc97a639de2d67947cffb7518ec5e3d40\logback-classic-1.5.18.jar;C:\Users\G-STORES\.gradle\caches\modules-2\files-2.1\org.apache.logging.log4j\log4j-to-slf4j\2.24.3\da1143e2a2531ee1c2d90baa98eb50a28a39d5a7\log4j-to-slf4j-2.24.3.jar;C:\Users\G-STORES\.gradle\caches\modules-2\files-2.1\org.slf4j\jul-to-slf4j\2.0.17\524cb6ccc2b68a57604750e1ab8b13b5a786a6aa\jul-to-slf4j-2.0.17.jar;C:\Users\G-STORES\.gradle\caches\modules-2\files-2.1\com.fasterxml.jackson.core\jackson-annotations\2.18.3\7fa21cf7da4598f8240e4ebd9779249622af1acd\jackson-annotations-2.18.3.jar;C:\Users\G-STORES\.gradle\caches\modules-2\files-2.1\com.fasterxml.jackson.core\jackson-core\2.18.3\78f80c259268200e588aa204dd97ecf09b76916e\jackson-core-2.18.3.jar;C:\Users\G-STORES\.gradle\caches\modules-2\files-2.1\io.micrometer\micrometer-commons\1.14.5\6201a40489ccedc9539c5f7a2c84e9e64702bf10\micrometer-commons-1.14.5.jar;C:\Users\G-STORES\.gradle\caches\modules-2\files-2.1\ch.qos.logback\logback-core\1.5.18\6c0375624f6f36b4e089e2488ba21334a11ef13f\logback-core-1.5.18.jar;C:\Users\G-STORES\.gradle\caches\modules-2\files-2.1\org.apache.logging.log4j\log4j-api\2.24.3\b02c125db8b6d295adf72ae6e71af5d83bce2370\log4j-api-2.24.3.jar;C:\Users\G-STORES\.gradle\caches\modules-2\files-2.1\org.postgresql\postgresql\42.7.5\747897987b86c741fb8b56f6b81929ae1e6e4b46\postgresql-42.7.5.jar;C:\Users\G-STORES\.gradle\caches\modules-2\files-2.1\org.checkerframework\checker-qual\3.48.3\c48effe7d78de3cf5e8a98c614281ec6a2466a77\checker-qual-3.48.3.jar;C:\Users\G-STORES\.gradle\caches\modules-2\files-2.1\org.jboss.logging\jboss-logging\3.6.1.Final\886afbb445b4016a37c8960a7aef6ebd769ce7e5\jboss-logging-3.6.1.Final.jar;C:\Users\G-STORES\.gradle\caches\modules-2\files-2.1\org.hibernate.common\hibernate-commons-annotations\7.0.3.Final\e183c4be8bb41d12e9f19b374e00c34a0a85f439\hibernate-commons-annotations-7.0.3.Final.jar;C:\Users\G-STORES\.gradle\caches\modules-2\files-2.1\io.smallrye\jandex\3.2.0\f17ad860f62a08487b9edabde608f8ac55c62fa7\jandex-3.2.0.jar;C:\Users\G-STORES\.gradle\caches\modules-2\files-2.1\com.fasterxml\classmate\1.7.0\e98374da1f2143ac8e6e0a95036994bb19137a3\classmate-1.7.0.jar;C:\Users\G-STORES\.gradle\caches\modules-2\files-2.1\net.bytebuddy\byte-buddy\1.15.11\f61886478e0f9ee4c21d09574736f0ff45e0a46c\byte-buddy-1.15.11.jar;C:\Users\G-STORES\.gradle\caches\modules-2\files-2.1\org.glassfish.jaxb\jaxb-runtime\4.0.5\ca84c2a7169b5293e232b9d00d1e4e36d4c3914a\jaxb-runtime-4.0.5.jar;C:\Users\G-STORES\.gradle\caches\modules-2\files-2.1\jakarta.xml.bind\jakarta.xml.bind-api\4.0.2\6cd5a999b834b63238005b7144136379dc36cad2\jakarta.xml.bind-api-4.0.2.jar;C:\Users\G-STORES\.gradle\caches\modules-2\files-2.1\jakarta.inject\jakarta.inject-api\2.0.1\4c28afe1991a941d7702fe1362c365f0a8641d1e\jakarta.inject-api-2.0.1.jar;C:\Users\G-STORES\.gradle\caches\modules-2\files-2.1\org.glassfish.jaxb\jaxb-core\4.0.5\7b4b11ea5542eea4ad55e1080b23be436795b3\jaxb-core-4.0.5.jar;C:\Users\G-STORES\.gradle\caches\modules-2\files-2.1\jakarta.activation\jakarta.activation-api\2.1.3\fa165bd70cda600368eee31555222776a46b881f\jakarta.activation-api-2.1.3.jar;C:\Users\G-STORES\.gradle\caches\modules-2\files-2.1\org.eclipse.angus\angus-activation\2.0.2\41f1e0ddd157c856926ed149ab837d110955a9fc\angus-activation-2.0.2.jar;C:\Users\G-STORES\.gradle\caches\modules-2\files-2.1\org.glassfish.jaxb\txw2\4.0.5\f36a4ef12120a9bb06d766d6a0e54b144fd7ed98\txw2-4.0.5.jar;C:\Users\G-STORES\.gradle\caches\modules-2\files-2.1\com.sun.istack\istack-commons-runtime\4.1.2\18ec117c85f3ba0ac65409136afa8e42bc74e739\istack-commons-runtime-4.1.2.jar
Launcher Type: SUN_STANDARD

[Global flags]
     intx CICompilerCount                          = 4                                         {product} {ergonomic}
     uint ConcGCThreads                            = 3                                         {product} {ergonomic}
     uint G1ConcRefinementThreads                  = 10                                        {product} {ergonomic}
   size_t G1HeapRegionSize                         = 2097152                                   {product} {ergonomic}
    uintx GCDrainStackTargetSize                   = 64                                        {product} {ergonomic}
   size_t InitialHeapSize                          = 266338304                                 {product} {ergonomic}
     bool ManagementServer                         = true                                      {product} {command line}
   size_t MarkStackSize                            = 4194304                                   {product} {ergonomic}
   size_t MaxHeapSize                              = 4238344192                                {product} {ergonomic}
   size_t MinHeapDeltaBytes                        = 2097152                                   {product} {ergonomic}
   size_t MinHeapSize                              = 8388608                                   {product} {ergonomic}
    uintx NonProfiledCodeHeapSize                  = 0                                      {pd product} {ergonomic}
     bool ProfileInterpreter                       = false                                  {pd product} {command line}
    uintx ProfiledCodeHeapSize                     = 0                                      {pd product} {ergonomic}
   size_t SoftMaxHeapSize                          = 4238344192                             {manageable} {ergonomic}
     intx TieredStopAtLevel                        = 1                                         {product} {command line}
     bool UseCompressedClassPointers               = true                           {product lp64_product} {ergonomic}
     bool UseCompressedOops                        = true                           {product lp64_product} {ergonomic}
     bool UseG1GC                                  = true                                      {product} {ergonomic}
     bool UseLargePagesIndividualAllocation        = false                                  {pd product} {ergonomic}

Logging:
Log output configuration:
 #0: stdout all=warning uptime,level,tags foldmultilines=false
 #1: stderr all=off uptime,level,tags foldmultilines=false

Environment Variables:
PATH=C:\Program Files\Common Files\Oracle\Java\javapath;C:\Python313\Scripts\;C:\Python313\;C:\oraclexe\app\oracle\product\11.2.0\server\bin;C:\Program Files (x86)\VMware\VMware Workstation\bin\;C:\Windows\system32;C:\Windows;C:\Windows\System32\Wbem;C:\Windows\System32\WindowsPowerShell\v1.0\;C:\Windows\System32\OpenSSH\;C:\Program Files (x86)\NVIDIA Corporation\PhysX\Common;C:\WINDOWS\system32;C:\WINDOWS;C:\WINDOWS\System32\Wbem;C:\WINDOWS\System32\WindowsPowerShell\v1.0\;C:\WINDOWS\System32\OpenSSH\;C:\ProgramData\chocolatey\bin;C:\Program Files\MongoDB\Server\7.0\bin;C:\mongosh-1.10.6-win32-x64\bin;C:\Program Files\Docker\Docker\resources\bin;C:\Program Files\dotnet\;C:\Program Files\Microsoft SQL Server\150\Tools\Binn\;C:\Program Files\Microsoft SQL Server\Client SDK\ODBC\170\Tools\Binn\;C:\Program Files (x86)\Microsoft SQL Server\160\Tools\Binn\;C:\Program Files\Microsoft SQL Server\160\Tools\Binn\;C:\Program Files\Microsoft SQL Server\160\DTS\Binn\;C:\Program Files (x86)\Microsoft SQL Server\160\DTS\Binn\;C:\Program Files\Azure Data Studio\bin;C:\Program Files\Git\cmd;C:\ProgramData\ComposerSetup\bin;C:\Users\G-STORES\.config\herd\bin\nvm;C:\Program Files\nodejs;C:\Program Files (x86)\Windows Kits\10\Windows Performance Toolkit\;C:\Program Files\PostgreSQL\14\bin;C:\Program Files\PuTTY\;C:\Program Files\NVIDIA Corporation\NVIDIA app\NvDLISR;C:\WINDOWS\system32;C:\WINDOWS;C:\WINDOWS\System32\Wbem;C:\WINDOWS\System32\WindowsPowerShell\v1.0\;C:\WINDOWS\System32\OpenSSH\;C:\Program Files\nodejs\;C:\php-8.4.4;C:\Users\G-STORES\Downloads\gcc-14.2.0-no-debug\bin;C:\Program Files\MySQL\MySQL Shell 8.0\bin\;C:\Users\G-STORES\AppData\Local\pnpm;C:\Users\G-STORES\AppData\Local\Programs\Python\Python311\Scripts\;C:\Users\G-STORES\AppData\Local\Programs\Python\Python311\;C:\Users\G-STORES\AppData\Local\Microsoft\WindowsApps;C:\Program Files\JetBrains\IntelliJ IDEA 2023.2.2\bin;C:\Users\G-STORES\AppData\Local\Programs\mongosh\;C:\Program Files\JetBrains\DataGrip 2022.1.4\bin;C:\Users\G-STORES\.dotnet\tools;C:\Users\G-STORES\AppData\Local\JetBrains\Toolbox\scripts;C:\Program Files\JetBrains\JetBrains Rider 2023.2.3\bin;;C:\Program Files\Azure Data Studio\bin;C:\Program Files\JetBrains\WebStorm 2024.1.4\bin;;C:\Program Files\JetBrains\PyCharm 2023.3.4\bin;;C:\Users\G-STORES\AppData\Roaming\Python\Python311\Scripts;C:\Users\G-STORES\AppData\Local\Android\Sdk\platform-tools;C:\Users\G-STORES\AppData\Roaming\Composer\vendor\bin;C:\Program Files\JetBrains\PhpStorm 2024.1.5\bin;;C:\php-8.2.10;C:\Users\G-STORES\AppData\Local\Programs\Microsoft VS Code\bin;C:\Users\G-STORES\AppData\Local\Microsoft\WindowsApps;C:\Users\G-STORES\AppData\Roaming\npm
USERNAME=G-STORES
OS=Windows_NT
PROCESSOR_IDENTIFIER=Intel64 Family 6 Model 165 Stepping 2, GenuineIntel
TMP=C:\Users\G-STORES\AppData\Local\Temp
TEMP=C:\Users\G-STORES\AppData\Local\Temp




---------------  S Y S T E M  ---------------

OS:
 Windows 11 , 64 bit Build 26100 (10.0.26100.3323)
OS uptime: 0 days 7:22 hours
Hyper-V role detected

CPU: total 12 (initial active 12) (6 cores per cpu, 2 threads per core) family 6 model 165 stepping 2 microcode 0xe0, cx8, cmov, fxsr, ht, mmx, 3dnowpref, sse, sse2, sse3, ssse3, sse4.1, sse4.2, popcnt, lzcnt, tsc, tscinvbit, avx, avx2, aes, erms, clmul, bmi1, bmi2, adx, fma, vzeroupper, clflush, clflushopt, hv, rdtscp, f16c

Memory: 4k page, system-wide physical 16166M (2156M free)
TotalPageFile size 24528M (AvailPageFile size 259M)
current process WorkingSet (physical memory assigned to process): 12M, peak: 12M
current process commit charge ("private bytes"): 60M, peak: 313M

vm_info: OpenJDK 64-Bit Server VM (20.0.2+9-78) for windows-amd64 JRE (20.0.2+9-78), built on 2023-06-14T10:08:48Z by "mach5one" with MS VC++ 17.1 (VS2022)

END.
